[I 2024-05-27 20:32:23.923 ServerApp] jupyter_lsp | extension was successfully linked.
[I 2024-05-27 20:32:23.925 ServerApp] jupyter_server_terminals | extension was successfully linked.
[I 2024-05-27 20:32:23.927 ServerApp] jupyterlab | extension was successfully linked.
[I 2024-05-27 20:32:23.929 ServerApp] notebook | extension was successfully linked.
[I 2024-05-27 20:32:24.106 ServerApp] notebook_shim | extension was successfully linked.
[I 2024-05-27 20:32:24.132 ServerApp] notebook_shim | extension was successfully loaded.
[I 2024-05-27 20:32:24.133 ServerApp] jupyter_lsp | extension was successfully loaded.
[I 2024-05-27 20:32:24.133 ServerApp] jupyter_server_terminals | extension was successfully loaded.
[I 2024-05-27 20:32:24.135 LabApp] JupyterLab extension loaded from /Users/m/dev/6be709c0/oc-ai-engineer/OC/P10/venv/lib/python3.8/site-packages/jupyterlab
[I 2024-05-27 20:32:24.135 LabApp] JupyterLab application directory is /Users/m/dev/6be709c0/oc-ai-engineer/OC/P10/venv/share/jupyter/lab
[I 2024-05-27 20:32:24.135 LabApp] Extension Manager is 'pypi'.
[I 2024-05-27 20:32:24.154 ServerApp] jupyterlab | extension was successfully loaded.
[I 2024-05-27 20:32:24.156 ServerApp] notebook | extension was successfully loaded.
[I 2024-05-27 20:32:24.158 ServerApp] The port 8888 is already in use, trying another port.
[I 2024-05-27 20:32:24.160 ServerApp] Serving notebooks from local directory: /Users/m/dev/6be709c0/oc-ai-engineer/OC/P10
[I 2024-05-27 20:32:24.160 ServerApp] Jupyter Server 2.14.0 is running at:
[I 2024-05-27 20:32:24.160 ServerApp] http://localhost:8889/tree?token=679b02ed11db74a5b05862c1c0afeb851217d70d34c0b44c
[I 2024-05-27 20:32:24.160 ServerApp]     http://127.0.0.1:8889/tree?token=679b02ed11db74a5b05862c1c0afeb851217d70d34c0b44c
[I 2024-05-27 20:32:24.160 ServerApp] Use Control-C to stop this server and shut down all kernels (twice to skip confirmation).
[C 2024-05-27 20:32:24.163 ServerApp] 
    
    To access the server, open this file in a browser:
        file:///Users/m/Library/Jupyter/runtime/jpserver-27783-open.html
    Or copy and paste one of these URLs:
        http://localhost:8889/tree?token=679b02ed11db74a5b05862c1c0afeb851217d70d34c0b44c
        http://127.0.0.1:8889/tree?token=679b02ed11db74a5b05862c1c0afeb851217d70d34c0b44c
[I 2024-05-27 20:32:24.404 ServerApp] Skipped non-installed server(s): bash-language-server, dockerfile-language-server-nodejs, javascript-typescript-langserver, jedi-language-server, julia-language-server, pyright, python-language-server, python-lsp-server, r-languageserver, sql-language-server, texlab, typescript-language-server, unified-language-server, vscode-css-languageserver-bin, vscode-html-languageserver-bin, vscode-json-languageserver-bin, yaml-language-server
